Log file opened on Tue Oct 18 12:03:50 2016
Host: dhcp13-39.bioinformatik.uni-saarland.de  pid: 10231  rank ID: 0  number of ranks:  1
                   :-) GROMACS - gmx mdrun, VERSION 5.1.1 (-:

                            GROMACS is written by:
     Emile Apol      Rossen Apostolov  Herman J.C. Berendsen    Par Bjelkmar   
 Aldert van Buuren   Rudi van Drunen     Anton Feenstra   Sebastian Fritsch 
  Gerrit Groenhof   Christoph Junghans   Anca Hamuraru    Vincent Hindriksen
 Dimitrios Karkoulis    Peter Kasson        Jiri Kraus      Carsten Kutzner  
    Per Larsson      Justin A. Lemkul   Magnus Lundborg   Pieter Meulenhoff 
   Erik Marklund      Teemu Murtola       Szilard Pall       Sander Pronk   
   Roland Schulz     Alexey Shvetsov     Michael Shirts     Alfons Sijbers  
   Peter Tieleman    Teemu Virolainen  Christian Wennberg    Maarten Wolf   
                           and the project leaders:
        Mark Abraham, Berk Hess, Erik Lindahl, and David van der Spoel

Copyright (c) 1991-2000, University of Groningen, The Netherlands.
Copyright (c) 2001-2015, The GROMACS development team at
Uppsala University, Stockholm University and
the Royal Institute of Technology, Sweden.
check out http://www.gromacs.org for more information.

GROMACS is free software; you can redistribute it and/or modify it
under the terms of the GNU Lesser General Public License
as published by the Free Software Foundation; either version 2.1
of the License, or (at your option) any later version.

GROMACS:      gmx mdrun, VERSION 5.1.1
Executable:   /sw/bin/gmx
Data prefix:  /sw
Command line:
  gmx mdrun -deffnm nvt -nt 1 -v

GROMACS version:    VERSION 5.1.1
Precision:          single
Memory model:       64 bit
MPI library:        thread_mpi
OpenMP support:     disabled
GPU support:        disabled
OpenCL support:     disabled
invsqrt routine:    gmx_software_invsqrt(x)
SIMD instructions:  SSE2
FFT library:        fftw-3.3.4-sse2
RDTSCP usage:       disabled
C++11 compilation:  enabled
TNG support:        enabled
Tracing support:    disabled
Built on:           Wed Feb 10 20:59:12 PST 2016
Built by:           fink-bld@minoo.cs.ubc.ca [CMAKE]
Build OS/arch:      Darwin 15.2.0 x86_64
Build CPU vendor:   GenuineIntel
Build CPU brand:    Intel(R) Xeon(R) CPU           E5420  @ 2.50GHz
Build CPU family:   6   Model: 23   Stepping: 6
Build CPU features: apic clfsh cmov cx8 cx16 lahf_lm mmx msr nonstop_tsc pse sse2 sse3 sse4.1 ssse3 x2apic
C compiler:         /sw/var/lib/fink/path-prefix-clang/cc Clang 7.0.0.7000176
C compiler flags:    -msse2    -Wall -Wno-unused -Wunused-value -Wunused-parameter -Wno-unknown-pragmas  -O3 -DNDEBUG  
C++ compiler:       /sw/var/lib/fink/path-prefix-clang/c++ Clang 7.0.0.7000176
C++ compiler flags:  -msse2   -std=c++0x  -Wextra -Wno-missing-field-initializers -Wpointer-arith -Wall -Wno-unused-function -Wno-unknown-pragmas  -O3 -DNDEBUG  
Boost version:      1.58.0 (external)


Running on 1 node with total 4 logical cores
Hardware detected:
  CPU info:
    Vendor: GenuineIntel
    Brand:  Intel(R) Core(TM) i5-4570R CPU @ 2.70GHz
    Family:  6  model: 70  stepping:  1
    CPU features: aes apic avx avx2 clfsh cmov cx8 cx16 f16c fma htt lahf_lm mmx msr nonstop_tsc pcid pclmuldq pdcm pdpe1gb popcnt pse rdrnd rdtscp sse2 sse3 sse4.1 sse4.2 ssse3 tdt x2apic
    SIMD instructions most likely to fit this hardware: AVX2_256
    SIMD instructions selected at GROMACS compile time: SSE2


Binary not matching hardware - you might be losing performance.
SIMD instructions most likely to fit this hardware: AVX2_256
SIMD instructions selected at GROMACS compile time: SSE2


The current CPU can measure timings more accurately than the code in
gmx was configured to use. This might affect your simulation
speed as accurate timings are needed for load-balancing.
Please consider rebuilding gmx with the GMX_USE_RDTSCP=ON CMake option.


++++ PLEASE READ AND CITE THE FOLLOWING REFERENCE ++++
M. J. Abraham, T. Murtola, R. Schulz, S. Páll, J. C. Smith, B. Hess, E.
Lindahl
GROMACS: High performance molecular simulations through multi-level
parallelism from laptops to supercomputers
SoftwareX 1 (2015) pp. 19-25
-------- -------- --- Thank You --- -------- --------


++++ PLEASE READ AND CITE THE FOLLOWING REFERENCE ++++
S. Páll, M. J. Abraham, C. Kutzner, B. Hess, E. Lindahl
Tackling Exascale Software Challenges in Molecular Dynamics Simulations with
GROMACS
In S. Markidis & E. Laure (Eds.), Solving Software Challenges for Exascale 8759 (2015) pp. 3-27
-------- -------- --- Thank You --- -------- --------


++++ PLEASE READ AND CITE THE FOLLOWING REFERENCE ++++
S. Pronk, S. Páll, R. Schulz, P. Larsson, P. Bjelkmar, R. Apostolov, M. R.
Shirts, J. C. Smith, P. M. Kasson, D. van der Spoel, B. Hess, and E. Lindahl
GROMACS 4.5: a high-throughput and highly parallel open source molecular
simulation toolkit
Bioinformatics 29 (2013) pp. 845-54
-------- -------- --- Thank You --- -------- --------


++++ PLEASE READ AND CITE THE FOLLOWING REFERENCE ++++
B. Hess and C. Kutzner and D. van der Spoel and E. Lindahl
GROMACS 4: Algorithms for highly efficient, load-balanced, and scalable
molecular simulation
J. Chem. Theory Comput. 4 (2008) pp. 435-447
-------- -------- --- Thank You --- -------- --------


++++ PLEASE READ AND CITE THE FOLLOWING REFERENCE ++++
D. van der Spoel, E. Lindahl, B. Hess, G. Groenhof, A. E. Mark and H. J. C.
Berendsen
GROMACS: Fast, Flexible and Free
J. Comp. Chem. 26 (2005) pp. 1701-1719
-------- -------- --- Thank You --- -------- --------


++++ PLEASE READ AND CITE THE FOLLOWING REFERENCE ++++
E. Lindahl and B. Hess and D. van der Spoel
GROMACS 3.0: A package for molecular simulation and trajectory analysis
J. Mol. Mod. 7 (2001) pp. 306-317
-------- -------- --- Thank You --- -------- --------


++++ PLEASE READ AND CITE THE FOLLOWING REFERENCE ++++
H. J. C. Berendsen, D. van der Spoel and R. van Drunen
GROMACS: A message-passing parallel molecular dynamics implementation
Comp. Phys. Comm. 91 (1995) pp. 43-56
-------- -------- --- Thank You --- -------- --------

Input Parameters:
   integrator                     = md
   tinit                          = 0
   dt                             = 0.03
   nsteps                         = 35000
   init-step                      = 0
   simulation-part                = 1
   comm-mode                      = Linear
   nstcomm                        = 100
   bd-fric                        = 0
   ld-seed                        = 3161358865
   emtol                          = 10
   emstep                         = 0.01
   niter                          = 20
   fcstep                         = 0
   nstcgsteep                     = 1000
   nbfgscorr                      = 10
   rtpi                           = 0.05
   nstxout                        = 0
   nstvout                        = 0
   nstfout                        = 0
   nstlog                         = 1000
   nstcalcenergy                  = 100
   nstenergy                      = 100
   nstxout-compressed             = 0
   compressed-x-precision         = 1000
   cutoff-scheme                  = Verlet
   nstlist                        = 20
   ns-type                        = Grid
   pbc                            = xyz
   periodic-molecules             = FALSE
   verlet-buffer-tolerance        = 0.005
   rlist                          = 1.314
   rlistlong                      = 1.314
   nstcalclr                      = 20
   coulombtype                    = Reaction-Field
   coulomb-modifier               = Potential-shift
   rcoulomb-switch                = 0
   rcoulomb                       = 1.1
   epsilon-r                      = 15
   epsilon-rf                     = inf
   vdw-type                       = Cut-off
   vdw-modifier                   = Potential-shift
   rvdw-switch                    = 0
   rvdw                           = 1.1
   DispCorr                       = EnerPres
   table-extension                = 1
   fourierspacing                 = 0.16
   fourier-nx                     = 0
   fourier-ny                     = 0
   fourier-nz                     = 0
   pme-order                      = 4
   ewald-rtol                     = 1e-05
   ewald-rtol-lj                  = 0.001
   lj-pme-comb-rule               = Geometric
   ewald-geometry                 = 0
   epsilon-surface                = 0
   implicit-solvent               = No
   gb-algorithm                   = Still
   nstgbradii                     = 1
   rgbradii                       = 1
   gb-epsilon-solvent             = 80
   gb-saltconc                    = 0
   gb-obc-alpha                   = 1
   gb-obc-beta                    = 0.8
   gb-obc-gamma                   = 4.85
   gb-dielectric-offset           = 0.009
   sa-algorithm                   = Ace-approximation
   sa-surface-tension             = 2.05016
   tcoupl                         = V-rescale
   nsttcouple                     = 20
   nh-chain-length                = 0
   print-nose-hoover-chain-variables = FALSE
   pcoupl                         = No
   pcoupltype                     = Isotropic
   nstpcouple                     = -1
   tau-p                          = 1
   compressibility (3x3):
      compressibility[    0]={ 0.00000e+00,  0.00000e+00,  0.00000e+00}
      compressibility[    1]={ 0.00000e+00,  0.00000e+00,  0.00000e+00}
      compressibility[    2]={ 0.00000e+00,  0.00000e+00,  0.00000e+00}
   ref-p (3x3):
      ref-p[    0]={ 0.00000e+00,  0.00000e+00,  0.00000e+00}
      ref-p[    1]={ 0.00000e+00,  0.00000e+00,  0.00000e+00}
      ref-p[    2]={ 0.00000e+00,  0.00000e+00,  0.00000e+00}
   refcoord-scaling               = No
   posres-com (3):
      posres-com[0]= 0.00000e+00
      posres-com[1]= 0.00000e+00
      posres-com[2]= 0.00000e+00
   posres-comB (3):
      posres-comB[0]= 0.00000e+00
      posres-comB[1]= 0.00000e+00
      posres-comB[2]= 0.00000e+00
   QMMM                           = FALSE
   QMconstraints                  = 0
   QMMMscheme                     = 0
   MMChargeScaleFactor            = 1
qm-opts:
   ngQM                           = 0
   constraint-algorithm           = Lincs
   continuation                   = FALSE
   Shake-SOR                      = FALSE
   shake-tol                      = 0.0001
   lincs-order                    = 4
   lincs-iter                     = 1
   lincs-warnangle                = 30
   nwall                          = 0
   wall-type                      = 9-3
   wall-r-linpot                  = -1
   wall-atomtype[0]               = -1
   wall-atomtype[1]               = -1
   wall-density[0]                = 0
   wall-density[1]                = 0
   wall-ewald-zfac                = 3
   pull                           = FALSE
   rotation                       = FALSE
   interactiveMD                  = FALSE
   disre                          = No
   disre-weighting                = Conservative
   disre-mixed                    = FALSE
   dr-fc                          = 1000
   dr-tau                         = 0
   nstdisreout                    = 100
   orire-fc                       = 0
   orire-tau                      = 0
   nstorireout                    = 100
   free-energy                    = no
   cos-acceleration               = 0
   deform (3x3):
      deform[    0]={ 0.00000e+00,  0.00000e+00,  0.00000e+00}
      deform[    1]={ 0.00000e+00,  0.00000e+00,  0.00000e+00}
      deform[    2]={ 0.00000e+00,  0.00000e+00,  0.00000e+00}
   simulated-tempering            = FALSE
   E-x:
      n = 0
   E-xt:
      n = 0
   E-y:
      n = 0
   E-yt:
      n = 0
   E-z:
      n = 0
   E-zt:
      n = 0
   swapcoords                     = no
   adress                         = FALSE
   userint1                       = 0
   userint2                       = 0
   userint3                       = 0
   userint4                       = 0
   userreal1                      = 0
   userreal2                      = 0
   userreal3                      = 0
   userreal4                      = 0
grpopts:
   nrdf:     400.954     11482.7     14518.4
   ref-t:         323         323         323
   tau-t:         0.1         0.1         0.1
annealing:          No          No          No
annealing-npoints:           0           0           0
   acc:	           0           0           0
   nfreeze:           N           N           N
   energygrp-flags[  0]: 0

Using 1 MPI thread
Cut-off's:   NS: 1.314   Coulomb: 1.1   LJ: 1.1
Long Range LJ corr.: <C6> 1.7371e-01
Reaction-Field:
epsRF = 0, rc = 1.1, krf = 0.375657, crf = 1.36364, epsfac = 9.26236
The electrostatics potential has its minimum at r = 1.1
System total charge: 0.000
Generated table with 1157 data points for RF.
Tabscale = 500 points/nm
Generated table with 1157 data points for LJ6.
Tabscale = 500 points/nm
Generated table with 1157 data points for LJ12.
Tabscale = 500 points/nm
Potential shift: LJ r^-12: -3.186e-01 r^-6: -5.645e-01

Using SSE2 4x4 non-bonded kernels

Using full Lennard-Jones parameter combination matrix

Removing pbc first time

Initializing LINear Constraint Solver

++++ PLEASE READ AND CITE THE FOLLOWING REFERENCE ++++
B. Hess
P-LINCS: A Parallel Linear Constraint Solver for molecular simulation
J. Chem. Theory Comput. 4 (2008) pp. 116-122
-------- -------- --- Thank You --- -------- --------

The number of constraints is 55
43 constraints are involved in constraint triangles,
will apply an additional matrix expansion of order 4 for couplings
between constraints inside triangles
Center of mass motion removal mode is Linear
We have the following groups for center of mass motion removal:
  0:  rest

++++ PLEASE READ AND CITE THE FOLLOWING REFERENCE ++++
G. Bussi, D. Donadio and M. Parrinello
Canonical sampling through velocity rescaling
J. Chem. Phys. 126 (2007) pp. 014101
-------- -------- --- Thank You --- -------- --------

There are: 8820 Atoms

Constraining the starting coordinates (step 0)

Constraining the coordinates at t0-dt (step 0)
RMS relative constraint deviation after constraining: 1.44e-05
Initial temperature: 323.148 K

Started mdrun on rank 0 Tue Oct 18 12:03:50 2016
           Step           Time         Lambda
              0        0.00000        0.00000

   Energies (kJ/mol)
           Bond       G96Angle    Proper Dih.  Improper Dih.        LJ (SR)
    1.34669e+03    1.64174e+03    2.76883e+01    1.25289e+01   -2.39028e+05
  Disper. corr.   Coulomb (SR) Position Rest.      Potential    Kinetic En.
   -4.20947e+04   -2.88136e+03    2.61341e-04   -2.80975e+05    3.54685e+04
   Total Energy  Conserved En.    Temperature Pres. DC (bar) Pressure (bar)
   -2.45507e+05   -2.45507e+05    3.23148e+02   -7.06179e+02   -1.85523e+03
   Constr. rmsd
    1.14907e-05

           Step           Time         Lambda
           1000       30.00000        0.00000

   Energies (kJ/mol)
           Bond       G96Angle    Proper Dih.  Improper Dih.        LJ (SR)
    6.52371e+03    2.79042e+03    6.34483e+01    2.25347e+01   -2.05600e+05
  Disper. corr.   Coulomb (SR) Position Rest.      Potential    Kinetic En.
   -4.20947e+04   -2.65066e+03    8.19896e+01   -2.40863e+05    3.51735e+04
   Total Energy  Conserved En.    Temperature Pres. DC (bar) Pressure (bar)
   -2.05690e+05   -2.44954e+05    3.20461e+02   -7.06179e+02   -5.88136e+02
   Constr. rmsd
    2.12140e-05

           Step           Time         Lambda
           2000       60.00000        0.00000

   Energies (kJ/mol)
           Bond       G96Angle    Proper Dih.  Improper Dih.        LJ (SR)
    6.32302e+03    2.76769e+03    1.03232e+02    2.76240e+01   -2.04287e+05
  Disper. corr.   Coulomb (SR) Position Rest.      Potential    Kinetic En.
   -4.20947e+04   -2.57330e+03    1.15445e+02   -2.39618e+05    3.60214e+04
   Total Energy  Conserved En.    Temperature Pres. DC (bar) Pressure (bar)
   -2.03597e+05   -2.44984e+05    3.28185e+02   -7.06179e+02   -5.89482e+02
   Constr. rmsd
    3.08593e-05

           Step           Time         Lambda
           3000       90.00000        0.00000

   Energies (kJ/mol)
           Bond       G96Angle    Proper Dih.  Improper Dih.        LJ (SR)
    6.47013e+03    2.66649e+03    6.77232e+01    9.13426e+00   -2.04340e+05
  Disper. corr.   Coulomb (SR) Position Rest.      Potential    Kinetic En.
   -4.20947e+04   -2.65526e+03    9.39547e+01   -2.39782e+05    3.50573e+04
   Total Energy  Conserved En.    Temperature Pres. DC (bar) Pressure (bar)
   -2.04725e+05   -2.45057e+05    3.19402e+02   -7.06179e+02   -5.95800e+02
   Constr. rmsd
    1.28183e-05

           Step           Time         Lambda
           4000      120.00000        0.00000

   Energies (kJ/mol)
           Bond       G96Angle    Proper Dih.  Improper Dih.        LJ (SR)
    6.47008e+03    2.81705e+03    7.44841e+01    1.74280e+01   -2.04225e+05
  Disper. corr.   Coulomb (SR) Position Rest.      Potential    Kinetic En.
   -4.20947e+04   -2.56349e+03    9.57353e+01   -2.39408e+05    3.57302e+04
   Total Energy  Conserved En.    Temperature Pres. DC (bar) Pressure (bar)
   -2.03678e+05   -2.45110e+05    3.25533e+02   -7.06179e+02   -6.61650e+02
   Constr. rmsd
    3.01152e-05

           Step           Time         Lambda
           5000      150.00000        0.00000

   Energies (kJ/mol)
           Bond       G96Angle    Proper Dih.  Improper Dih.        LJ (SR)
    6.20522e+03    2.60747e+03    7.48121e+01    7.38862e+00   -2.04694e+05
  Disper. corr.   Coulomb (SR) Position Rest.      Potential    Kinetic En.
   -4.20947e+04   -2.60795e+03    9.27816e+01   -2.40409e+05    3.51313e+04
   Total Energy  Conserved En.    Temperature Pres. DC (bar) Pressure (bar)
   -2.05278e+05   -2.45151e+05    3.20076e+02   -7.06179e+02   -7.12677e+02
   Constr. rmsd
    1.21516e-05

           Step           Time         Lambda
           6000      180.00000        0.00000

   Energies (kJ/mol)
           Bond       G96Angle    Proper Dih.  Improper Dih.        LJ (SR)
    6.28868e+03    2.78959e+03    6.47356e+01    1.32418e+01   -2.03753e+05
  Disper. corr.   Coulomb (SR) Position Rest.      Potential    Kinetic En.
   -4.20947e+04   -2.61320e+03    7.52137e+01   -2.39229e+05    3.56643e+04
   Total Energy  Conserved En.    Temperature Pres. DC (bar) Pressure (bar)
   -2.03565e+05   -2.45204e+05    3.24933e+02   -7.06179e+02   -5.75805e+02
   Constr. rmsd
    1.03454e-05

           Step           Time         Lambda
           7000      210.00000        0.00000

   Energies (kJ/mol)
           Bond       G96Angle    Proper Dih.  Improper Dih.        LJ (SR)
    6.49840e+03    2.53882e+03    7.78184e+01    1.55653e+01   -2.04368e+05
  Disper. corr.   Coulomb (SR) Position Rest.      Potential    Kinetic En.
   -4.20947e+04   -2.70128e+03    8.86390e+01   -2.39945e+05    3.54522e+04
   Total Energy  Conserved En.    Temperature Pres. DC (bar) Pressure (bar)
   -2.04493e+05   -2.45236e+05    3.23000e+02   -7.06179e+02   -6.29153e+02
   Constr. rmsd
    1.69000e-05

           Step           Time         Lambda
           8000      240.00000        0.00000

   Energies (kJ/mol)
           Bond       G96Angle    Proper Dih.  Improper Dih.        LJ (SR)
    6.28284e+03    2.76105e+03    8.32356e+01    1.47880e+01   -2.04258e+05
  Disper. corr.   Coulomb (SR) Position Rest.      Potential    Kinetic En.
   -4.20947e+04   -2.61200e+03    8.51904e+01   -2.39738e+05    3.57564e+04
   Total Energy  Conserved En.    Temperature Pres. DC (bar) Pressure (bar)
   -2.03981e+05   -2.45319e+05    3.25771e+02   -7.06179e+02   -6.11072e+02
   Constr. rmsd
    2.27718e-05

           Step           Time         Lambda
           9000      270.00000        0.00000

   Energies (kJ/mol)
           Bond       G96Angle    Proper Dih.  Improper Dih.        LJ (SR)
    6.49794e+03    2.73351e+03    9.37683e+01    1.98821e+01   -2.03919e+05
  Disper. corr.   Coulomb (SR) Position Rest.      Potential    Kinetic En.
   -4.20947e+04   -2.63619e+03    1.12588e+02   -2.39192e+05    3.52869e+04
   Total Energy  Conserved En.    Temperature Pres. DC (bar) Pressure (bar)
   -2.03905e+05   -2.45353e+05    3.21493e+02   -7.06179e+02   -5.67542e+02
   Constr. rmsd
    1.68300e-05

           Step           Time         Lambda
          10000      300.00000        0.00000

   Energies (kJ/mol)
           Bond       G96Angle    Proper Dih.  Improper Dih.        LJ (SR)
    6.28875e+03    2.82578e+03    8.58039e+01    2.29824e+01   -2.04112e+05
  Disper. corr.   Coulomb (SR) Position Rest.      Potential    Kinetic En.
   -4.20947e+04   -2.68826e+03    9.59490e+01   -2.39575e+05    3.57474e+04
   Total Energy  Conserved En.    Temperature Pres. DC (bar) Pressure (bar)
   -2.03828e+05   -2.45398e+05    3.25689e+02   -7.06179e+02   -5.70934e+02
   Constr. rmsd
    2.70137e-05

           Step           Time         Lambda
          11000      330.00000        0.00000

   Energies (kJ/mol)
           Bond       G96Angle    Proper Dih.  Improper Dih.        LJ (SR)
    6.14002e+03    2.79870e+03    6.38038e+01    1.70499e+01   -2.04741e+05
  Disper. corr.   Coulomb (SR) Position Rest.      Potential    Kinetic En.
   -4.20947e+04   -2.65349e+03    9.17766e+01   -2.40378e+05    3.52512e+04
   Total Energy  Conserved En.    Temperature Pres. DC (bar) Pressure (bar)
   -2.05126e+05   -2.45453e+05    3.21168e+02   -7.06179e+02   -6.72366e+02
   Constr. rmsd
    1.22524e-05

           Step           Time         Lambda
          12000      360.00000        0.00000

   Energies (kJ/mol)
           Bond       G96Angle    Proper Dih.  Improper Dih.        LJ (SR)
    6.18854e+03    2.77712e+03    9.19038e+01    8.03634e+00   -2.03973e+05
  Disper. corr.   Coulomb (SR) Position Rest.      Potential    Kinetic En.
   -4.20947e+04   -2.60766e+03    9.83167e+01   -2.39511e+05    3.47574e+04
   Total Energy  Conserved En.    Temperature Pres. DC (bar) Pressure (bar)
   -2.04754e+05   -2.45513e+05    3.16669e+02   -7.06179e+02   -6.10685e+02
   Constr. rmsd
    2.69158e-05

           Step           Time         Lambda
          13000      390.00000        0.00000

   Energies (kJ/mol)
           Bond       G96Angle    Proper Dih.  Improper Dih.        LJ (SR)
    6.38521e+03    2.67917e+03    7.13382e+01    1.15410e+01   -2.04317e+05
  Disper. corr.   Coulomb (SR) Position Rest.      Potential    Kinetic En.
   -4.20947e+04   -2.63332e+03    9.80339e+01   -2.39800e+05    3.52000e+04
   Total Energy  Conserved En.    Temperature Pres. DC (bar) Pressure (bar)
   -2.04600e+05   -2.45562e+05    3.20702e+02   -7.06179e+02   -6.60091e+02
   Constr. rmsd
    1.29964e-05

           Step           Time         Lambda
          14000      420.00000        0.00000

   Energies (kJ/mol)
           Bond       G96Angle    Proper Dih.  Improper Dih.        LJ (SR)
    6.13801e+03    2.68614e+03    6.28215e+01    9.97073e+00   -2.04611e+05
  Disper. corr.   Coulomb (SR) Position Rest.      Potential    Kinetic En.
   -4.20947e+04   -2.67049e+03    1.00409e+02   -2.40379e+05    3.57452e+04
   Total Energy  Conserved En.    Temperature Pres. DC (bar) Pressure (bar)
   -2.04634e+05   -2.45616e+05    3.25669e+02   -7.06179e+02   -6.95212e+02
   Constr. rmsd
    1.88848e-05

           Step           Time         Lambda
          15000      450.00000        0.00000

   Energies (kJ/mol)
           Bond       G96Angle    Proper Dih.  Improper Dih.        LJ (SR)
    6.26454e+03    2.60704e+03    5.46910e+01    1.97096e+01   -2.04679e+05
  Disper. corr.   Coulomb (SR) Position Rest.      Potential    Kinetic En.
   -4.20947e+04   -2.60185e+03    7.50379e+01   -2.40354e+05    3.49422e+04
   Total Energy  Conserved En.    Temperature Pres. DC (bar) Pressure (bar)
   -2.05412e+05   -2.45662e+05    3.18353e+02   -7.06179e+02   -7.06789e+02
   Constr. rmsd
    2.71887e-05

           Step           Time         Lambda
          16000      480.00000        0.00000

   Energies (kJ/mol)
           Bond       G96Angle    Proper Dih.  Improper Dih.        LJ (SR)
    6.19495e+03    2.63661e+03    8.16994e+01    1.45690e+01   -2.04496e+05
  Disper. corr.   Coulomb (SR) Position Rest.      Potential    Kinetic En.
   -4.20947e+04   -2.65628e+03    1.07546e+02   -2.40211e+05    3.50533e+04
   Total Energy  Conserved En.    Temperature Pres. DC (bar) Pressure (bar)
   -2.05158e+05   -2.45681e+05    3.19366e+02   -7.06179e+02   -6.45993e+02
   Constr. rmsd
    1.69625e-05

           Step           Time         Lambda
          17000      510.00000        0.00000

   Energies (kJ/mol)
           Bond       G96Angle    Proper Dih.  Improper Dih.        LJ (SR)
    6.63148e+03    2.75182e+03    7.39218e+01    1.49827e+01   -2.04676e+05
  Disper. corr.   Coulomb (SR) Position Rest.      Potential    Kinetic En.
   -4.20947e+04   -2.58387e+03    8.98424e+01   -2.39793e+05    3.60988e+04
   Total Energy  Conserved En.    Temperature Pres. DC (bar) Pressure (bar)
   -2.03694e+05   -2.45771e+05    3.28890e+02   -7.06179e+02   -6.66986e+02
   Constr. rmsd
    2.28702e-05

           Step           Time         Lambda
          18000      540.00000        0.00000

   Energies (kJ/mol)
           Bond       G96Angle    Proper Dih.  Improper Dih.        LJ (SR)
    6.27453e+03    2.67204e+03    7.29805e+01    1.89288e+01   -2.04433e+05
  Disper. corr.   Coulomb (SR) Position Rest.      Potential    Kinetic En.
   -4.20947e+04   -2.65489e+03    7.47693e+01   -2.40069e+05    3.52237e+04
   Total Energy  Conserved En.    Temperature Pres. DC (bar) Pressure (bar)
   -2.04845e+05   -2.45784e+05    3.20918e+02   -7.06179e+02   -6.29485e+02
   Constr. rmsd
    1.89255e-05

           Step           Time         Lambda
          19000      570.00000        0.00000

   Energies (kJ/mol)
           Bond       G96Angle    Proper Dih.  Improper Dih.        LJ (SR)
    6.15854e+03    2.55334e+03    5.19571e+01    1.57124e+01   -2.04374e+05
  Disper. corr.   Coulomb (SR) Position Rest.      Potential    Kinetic En.
   -4.20947e+04   -2.56262e+03    9.11191e+01   -2.40161e+05    3.53922e+04
   Total Energy  Conserved En.    Temperature Pres. DC (bar) Pressure (bar)
   -2.04769e+05   -2.45827e+05    3.22453e+02   -7.06179e+02   -6.12213e+02
   Constr. rmsd
    2.84384e-05

           Step           Time         Lambda
          20000      600.00000        0.00000

   Energies (kJ/mol)
           Bond       G96Angle    Proper Dih.  Improper Dih.        LJ (SR)
    6.48285e+03    2.60254e+03    5.26657e+01    1.36221e+01   -2.04547e+05
  Disper. corr.   Coulomb (SR) Position Rest.      Potential    Kinetic En.
   -4.20947e+04   -2.68790e+03    8.70153e+01   -2.40091e+05    3.53976e+04
   Total Energy  Conserved En.    Temperature Pres. DC (bar) Pressure (bar)
   -2.04693e+05   -2.45882e+05    3.22502e+02   -7.06179e+02   -6.88073e+02
   Constr. rmsd
    1.42380e-05

           Step           Time         Lambda
          21000      630.00000        0.00000

   Energies (kJ/mol)
           Bond       G96Angle    Proper Dih.  Improper Dih.        LJ (SR)
    6.32696e+03    2.69120e+03    8.25529e+01    1.14165e+01   -2.03746e+05
  Disper. corr.   Coulomb (SR) Position Rest.      Potential    Kinetic En.
   -4.20947e+04   -2.57805e+03    8.68228e+01   -2.39220e+05    3.58478e+04
   Total Energy  Conserved En.    Temperature Pres. DC (bar) Pressure (bar)
   -2.03372e+05   -2.45904e+05    3.26604e+02   -7.06179e+02   -5.59428e+02
   Constr. rmsd
    3.98784e-05

           Step           Time         Lambda
          22000      660.00000        0.00000

   Energies (kJ/mol)
           Bond       G96Angle    Proper Dih.  Improper Dih.        LJ (SR)
    6.20391e+03    2.65843e+03    8.48348e+01    1.29304e+01   -2.04198e+05
  Disper. corr.   Coulomb (SR) Position Rest.      Potential    Kinetic En.
   -4.20947e+04   -2.65083e+03    1.06577e+02   -2.39877e+05    3.56560e+04
   Total Energy  Conserved En.    Temperature Pres. DC (bar) Pressure (bar)
   -2.04221e+05   -2.45966e+05    3.24856e+02   -7.06179e+02   -5.95183e+02
   Constr. rmsd
    1.97167e-05

           Step           Time         Lambda
          23000      690.00000        0.00000

   Energies (kJ/mol)
           Bond       G96Angle    Proper Dih.  Improper Dih.        LJ (SR)
    6.10536e+03    2.64050e+03    8.93158e+01    2.60319e+01   -2.04173e+05
  Disper. corr.   Coulomb (SR) Position Rest.      Potential    Kinetic En.
   -4.20947e+04   -2.54117e+03    9.51354e+01   -2.39852e+05    3.59400e+04
   Total Energy  Conserved En.    Temperature Pres. DC (bar) Pressure (bar)
   -2.03912e+05   -2.46042e+05    3.27444e+02   -7.06179e+02   -6.14743e+02
   Constr. rmsd
    2.37396e-05

           Step           Time         Lambda
          24000      720.00000        0.00000

   Energies (kJ/mol)
           Bond       G96Angle    Proper Dih.  Improper Dih.        LJ (SR)
    6.20022e+03    2.70611e+03    7.68787e+01    1.94362e+01   -2.04314e+05
  Disper. corr.   Coulomb (SR) Position Rest.      Potential    Kinetic En.
   -4.20947e+04   -2.58409e+03    7.62407e+01   -2.39914e+05    3.51250e+04
   Total Energy  Conserved En.    Temperature Pres. DC (bar) Pressure (bar)
   -2.04789e+05   -2.46082e+05    3.20018e+02   -7.06179e+02   -6.38971e+02
   Constr. rmsd
    2.32950e-05

           Step           Time         Lambda
          25000      750.00000        0.00000

   Energies (kJ/mol)
           Bond       G96Angle    Proper Dih.  Improper Dih.        LJ (SR)
    5.87786e+03    2.79522e+03    7.53040e+01    2.20600e+01   -2.04075e+05
  Disper. corr.   Coulomb (SR) Position Rest.      Potential    Kinetic En.
   -4.20947e+04   -2.59454e+03    8.83946e+01   -2.39905e+05    3.50607e+04
   Total Energy  Conserved En.    Temperature Pres. DC (bar) Pressure (bar)
   -2.04844e+05   -2.46099e+05    3.19433e+02   -7.06179e+02   -6.04813e+02
   Constr. rmsd
    2.47650e-05

           Step           Time         Lambda
          26000      780.00000        0.00000

   Energies (kJ/mol)
           Bond       G96Angle    Proper Dih.  Improper Dih.        LJ (SR)
    6.21105e+03    2.54986e+03    7.48897e+01    1.41867e+01   -2.04295e+05
  Disper. corr.   Coulomb (SR) Position Rest.      Potential    Kinetic En.
   -4.20947e+04   -2.58226e+03    9.92152e+01   -2.40023e+05    3.55582e+04
   Total Energy  Conserved En.    Temperature Pres. DC (bar) Pressure (bar)
   -2.04465e+05   -2.46168e+05    3.23966e+02   -7.06179e+02   -6.45449e+02
   Constr. rmsd
    4.46956e-05

           Step           Time         Lambda
          27000      810.00000        0.00000

   Energies (kJ/mol)
           Bond       G96Angle    Proper Dih.  Improper Dih.        LJ (SR)
    6.36252e+03    2.72914e+03    7.04571e+01    1.80375e+01   -2.04137e+05
  Disper. corr.   Coulomb (SR) Position Rest.      Potential    Kinetic En.
   -4.20947e+04   -2.58194e+03    9.99516e+01   -2.39534e+05    3.48215e+04
   Total Energy  Conserved En.    Temperature Pres. DC (bar) Pressure (bar)
   -2.04712e+05   -2.46212e+05    3.17254e+02   -7.06179e+02   -5.38820e+02
   Constr. rmsd
    1.58749e-05

           Step           Time         Lambda
          28000      840.00000        0.00000

   Energies (kJ/mol)
           Bond       G96Angle    Proper Dih.  Improper Dih.        LJ (SR)
    6.18226e+03    2.81835e+03    6.79451e+01    2.88718e+01   -2.04056e+05
  Disper. corr.   Coulomb (SR) Position Rest.      Potential    Kinetic En.
   -4.20947e+04   -2.55771e+03    8.25884e+01   -2.39528e+05    3.57041e+04
   Total Energy  Conserved En.    Temperature Pres. DC (bar) Pressure (bar)
   -2.03824e+05   -2.46233e+05    3.25295e+02   -7.06179e+02   -6.54471e+02
   Constr. rmsd
    1.49225e-05

           Step           Time         Lambda
          29000      870.00000        0.00000

   Energies (kJ/mol)
           Bond       G96Angle    Proper Dih.  Improper Dih.        LJ (SR)
    6.24211e+03    2.62308e+03    9.05624e+01    1.31466e+01   -2.03748e+05
  Disper. corr.   Coulomb (SR) Position Rest.      Potential    Kinetic En.
   -4.20947e+04   -2.67661e+03    8.87481e+01   -2.39462e+05    3.52928e+04
   Total Energy  Conserved En.    Temperature Pres. DC (bar) Pressure (bar)
   -2.04169e+05   -2.46270e+05    3.21547e+02   -7.06179e+02   -6.04732e+02
   Constr. rmsd
    1.94360e-05

           Step           Time         Lambda
          30000      900.00000        0.00000

   Energies (kJ/mol)
           Bond       G96Angle    Proper Dih.  Improper Dih.        LJ (SR)
    6.46124e+03    2.73774e+03    6.26150e+01    3.56668e+01   -2.03610e+05
  Disper. corr.   Coulomb (SR) Position Rest.      Potential    Kinetic En.
   -4.20947e+04   -2.69603e+03    1.34623e+02   -2.38969e+05    3.55064e+04
   Total Energy  Conserved En.    Temperature Pres. DC (bar) Pressure (bar)
   -2.03463e+05   -2.46302e+05    3.23494e+02   -7.06179e+02   -5.66730e+02
   Constr. rmsd
    2.41626e-05

           Step           Time         Lambda
          31000      930.00000        0.00000

   Energies (kJ/mol)
           Bond       G96Angle    Proper Dih.  Improper Dih.        LJ (SR)
    6.32406e+03    2.84065e+03    5.95241e+01    1.76815e+01   -2.03748e+05
  Disper. corr.   Coulomb (SR) Position Rest.      Potential    Kinetic En.
   -4.20947e+04   -2.60082e+03    1.00427e+02   -2.39101e+05    3.54209e+04
   Total Energy  Conserved En.    Temperature Pres. DC (bar) Pressure (bar)
   -2.03680e+05   -2.46340e+05    3.22714e+02   -7.06179e+02   -5.75922e+02
   Constr. rmsd
    2.29059e-05

           Step           Time         Lambda
          32000      960.00000        0.00000

   Energies (kJ/mol)
           Bond       G96Angle    Proper Dih.  Improper Dih.        LJ (SR)
    6.43256e+03    2.76465e+03    7.53711e+01    2.05467e+01   -2.03806e+05
  Disper. corr.   Coulomb (SR) Position Rest.      Potential    Kinetic En.
   -4.20947e+04   -2.65118e+03    1.05904e+02   -2.39153e+05    3.58028e+04
   Total Energy  Conserved En.    Temperature Pres. DC (bar) Pressure (bar)
   -2.03350e+05   -2.46409e+05    3.26194e+02   -7.06179e+02   -6.18674e+02
   Constr. rmsd
    2.02266e-05

           Step           Time         Lambda
          33000      990.00000        0.00000

   Energies (kJ/mol)
           Bond       G96Angle    Proper Dih.  Improper Dih.        LJ (SR)
    6.09530e+03    2.71588e+03    7.39517e+01    8.55065e+00   -2.03765e+05
  Disper. corr.   Coulomb (SR) Position Rest.      Potential    Kinetic En.
   -4.20947e+04   -2.64196e+03    1.18493e+02   -2.39489e+05    3.50584e+04
   Total Energy  Conserved En.    Temperature Pres. DC (bar) Pressure (bar)
   -2.04431e+05   -2.46444e+05    3.19412e+02   -7.06179e+02   -6.16273e+02
   Constr. rmsd
    2.23722e-05

           Step           Time         Lambda
          34000     1020.00000        0.00000

   Energies (kJ/mol)
           Bond       G96Angle    Proper Dih.  Improper Dih.        LJ (SR)
    6.37698e+03    2.59145e+03    6.81519e+01    1.08751e+01   -2.04026e+05
  Disper. corr.   Coulomb (SR) Position Rest.      Potential    Kinetic En.
   -4.20947e+04   -2.64992e+03    7.72156e+01   -2.39646e+05    3.58138e+04
   Total Energy  Conserved En.    Temperature Pres. DC (bar) Pressure (bar)
   -2.03833e+05   -2.46540e+05    3.26294e+02   -7.06179e+02   -5.86273e+02
   Constr. rmsd
    1.37165e-05

           Step           Time         Lambda
          35000     1050.00000        0.00000

Writing checkpoint, step 35000 at Tue Oct 18 12:05:50 2016


   Energies (kJ/mol)
           Bond       G96Angle    Proper Dih.  Improper Dih.        LJ (SR)
    6.37739e+03    2.68383e+03    8.00532e+01    1.43900e+01   -2.04242e+05
  Disper. corr.   Coulomb (SR) Position Rest.      Potential    Kinetic En.
   -4.20947e+04   -2.59907e+03    1.01429e+02   -2.39679e+05    3.53619e+04
   Total Energy  Conserved En.    Temperature Pres. DC (bar) Pressure (bar)
   -2.04317e+05   -2.46563e+05    3.22177e+02   -7.06179e+02   -6.43265e+02
   Constr. rmsd
    1.58613e-05

	<======  ###############  ==>
	<====  A V E R A G E S  ====>
	<==  ###############  ======>

	Statistics over 35001 steps using 351 frames

   Energies (kJ/mol)
           Bond       G96Angle    Proper Dih.  Improper Dih.        LJ (SR)
    6.24614e+03    2.69687e+03    7.28678e+01    1.79886e+01   -2.04448e+05
  Disper. corr.   Coulomb (SR) Position Rest.      Potential    Kinetic En.
   -4.20947e+04   -2.62547e+03    9.68176e+01   -2.40037e+05    3.54473e+04
   Total Energy  Conserved En.    Temperature Pres. DC (bar) Pressure (bar)
   -2.04590e+05   -2.45750e+05    3.22956e+02   -7.06179e+02   -6.25915e+02
   Constr. rmsd
    0.00000e+00

   Total Virial (kJ/mol)
    3.07366e+04    6.11693e+01   -3.72990e+01
    6.11695e+01    3.08126e+04   -9.93979e+01
   -3.72995e+01   -9.93985e+01    3.04383e+04

   Pressure (bar)
   -6.28556e+02   -2.23749e+00    1.01660e+00
   -2.23750e+00   -6.31187e+02    3.00076e+00
    1.01662e+00    3.00078e+00   -6.18001e+02

      T-Protein         T-DPPC        T-W_ION
    3.24764e+02    3.23014e+02    3.22859e+02


	M E G A - F L O P S   A C C O U N T I N G

 NB=Group-cutoff nonbonded kernels    NxN=N-by-N cluster Verlet kernels
 RF=Reaction-Field  VdW=Van der Waals  QSTab=quadratic-spline table
 W3=SPC/TIP3p  W4=TIP4p (single or pairs)
 V&F=Potential and force  V=Potential only  F=Force only

 Computing:                               M-Number         M-Flops  % Flops
-----------------------------------------------------------------------------
 Pair Search distance check            2193.616410       19742.548     1.5
 NxN RF Elec. + LJ [F]                 8332.705240      316642.799    24.6
 NxN RF Elec. + LJ [V&F]                 84.371544        4556.063     0.4
 NxN LJ [F]                           27481.324688      906883.715    70.5
 NxN LJ [V&F]                           278.415376       11971.861     0.9
 NxN RF Electrostatics [F]               21.552552         668.129     0.1
 NxN RF Electrostatics [V&F]              0.215816           7.769     0.0
 Shift-X                                 15.443820          92.663     0.0
 Bonds                                  126.703620        7475.514     0.6
 Angles                                  94.327695       15847.053     1.2
 Propers                                  2.065059         472.899     0.0
 Impropers                                0.560016         116.483     0.0
 Pos. Restr.                              2.415069         120.753     0.0
 Virial                                   3.111615          56.009     0.0
 Stop-CM                                  3.104640          31.046     0.0
 Calc-Ekin                               30.887640         833.966     0.1
 Lincs                                    1.925165         115.510     0.0
 Lincs-Mat                               37.803240         151.213     0.0
 Constraint-V                             3.850220          30.802     0.0
 Constraint-Vir                           0.019305           0.463     0.0
-----------------------------------------------------------------------------
 Total                                                 1285817.259   100.0
-----------------------------------------------------------------------------


     R E A L   C Y C L E   A N D   T I M E   A C C O U N T I N G

On 1 MPI rank

 Computing:          Num   Num      Call    Wall time         Giga-Cycles
                     Ranks Threads  Count      (s)         total sum    %
-----------------------------------------------------------------------------
 Neighbor search        1    1       1751       9.343         25.169   7.7
 Force                  1    1      35001     105.888        285.248  87.6
 NB X/F buffer ops.     1    1      68251       1.626          4.381   1.3
 Write traj.            1    1          1       0.026          0.069   0.0
 Update                 1    1      35001       3.412          9.192   2.8
 Constraints            1    1      35001       0.204          0.551   0.2
 Rest                                           0.326          0.879   0.3
-----------------------------------------------------------------------------
 Total                                        120.826        325.488 100.0
-----------------------------------------------------------------------------

               Core t (s)   Wall t (s)        (%)
       Time:      120.826      120.826      100.0
                 (ns/day)    (hour/ns)
Performance:      750.855        0.032
Finished mdrun on rank 0 Tue Oct 18 12:05:50 2016
